This is pdfTeX, Version 3.1415926-1.40.11 (TeX Live 2010/MacPorts 2010_0) (format=pdflatex 2011.1.4)  11 JAN 2011 01:09
entering extended mode
 restricted \write18 enabled.
 file:line:error style messages enabled.
 %&-line parsing enabled.
**J_Stork_Jayke_Meijer_verslag
(./J_Stork_Jayke_Meijer_verslag.tex
LaTeX2e <2009/09/24>
Babel <v3.8l> and hyphenation patterns for english, dumylang, nohyphenation, cz
ech, slovak, dutch, ukenglish, usenglishmax, basque, french, german-x-2009-06-1
9, ngerman-x-2009-06-19, german, ngerman, swissgerman, italian, polish, portugu
ese, spanish, catalan, galician, loaded.
(/opt/local/share/texmf-texlive-dist/tex/latex/base/article.cls
Document Class: article 2007/10/19 v1.4h Standard LaTeX document class
(/opt/local/share/texmf-texlive-dist/tex/latex/base/size12.clo
File: size12.clo 2007/10/19 v1.4h Standard LaTeX file (size option)
)
\c@part=\count79
\c@section=\count80
\c@subsection=\count81
\c@subsubsection=\count82
\c@paragraph=\count83
\c@subparagraph=\count84
\c@figure=\count85
\c@table=\count86
\abovecaptionskip=\skip41
\belowcaptionskip=\skip42
\bibindent=\dimen102
) (/opt/local/share/texmf-texlive-dist/tex/latex/listings/listings.sty (/opt/lo
cal/share/texmf-texlive-dist/tex/latex/graphics/keyval.sty
Package: keyval 1999/03/16 v1.13 key=value parser (DPC)
\KV@toks@=\toks14
)
\lst@mode=\count87
\lst@gtempboxa=\box26
\lst@token=\toks15
\lst@length=\count88
\lst@currlwidth=\dimen103
\lst@column=\count89
\lst@pos=\count90
\lst@lostspace=\dimen104
\lst@width=\dimen105
\lst@newlines=\count91
\lst@lineno=\count92
\lst@maxwidth=\dimen106
(/opt/local/share/texmf-texlive-dist/tex/latex/listings/lstmisc.sty
File: lstmisc.sty 2007/02/22 1.4 (Carsten Heinz)
\c@lstnumber=\count93
\lst@skipnumbers=\count94
\lst@framebox=\box27
) (/opt/local/share/texmf-texlive-dist/tex/latex/listings/listings.cfg
File: listings.cfg 2007/02/22 1.4 listings configuration
))
Package: listings 2007/02/22 1.4 (Carsten Heinz)
(/opt/local/share/texmf-texlive-dist/tex/latex/amsfonts/amssymb.sty
Package: amssymb 2009/06/22 v3.00
(/opt/local/share/texmf-texlive-dist/tex/latex/amsfonts/amsfonts.sty
Package: amsfonts 2009/06/22 v3.00 Basic AMSFonts support
\@emptytoks=\toks16
\symAMSa=\mathgroup4
\symAMSb=\mathgroup5
LaTeX Font Info:    Overwriting math alphabet `\mathfrak' in version `bold'
(Font)                  U/euf/m/n --> U/euf/b/n on input line 96.
)) (/opt/local/share/texmf-texlive-dist/tex/latex/amsmath/amsmath.sty
Package: amsmath 2000/07/18 v2.13 AMS math features
\@mathmargin=\skip43
For additional information on amsmath, use the `?' option.
(/opt/local/share/texmf-texlive-dist/tex/latex/amsmath/amstext.sty
Package: amstext 2000/06/29 v2.01
(/opt/local/share/texmf-texlive-dist/tex/latex/amsmath/amsgen.sty
File: amsgen.sty 1999/11/30 v2.0
\@emptytoks=\toks17
\ex@=\dimen107
)) (/opt/local/share/texmf-texlive-dist/tex/latex/amsmath/amsbsy.sty
Package: amsbsy 1999/11/29 v1.2d
\pmbraise@=\dimen108
) (/opt/local/share/texmf-texlive-dist/tex/latex/amsmath/amsopn.sty
Package: amsopn 1999/12/14 v2.01 operator names
)
\inf@bad=\count95
LaTeX Info: Redefining \frac on input line 211.
\uproot@=\count96
\leftroot@=\count97
LaTeX Info: Redefining \overline on input line 307.
\classnum@=\count98
\DOTSCASE@=\count99
LaTeX Info: Redefining \ldots on input line 379.
LaTeX Info: Redefining \dots on input line 382.
LaTeX Info: Redefining \cdots on input line 467.
\Mathstrutbox@=\box28
\strutbox@=\box29
\big@size=\dimen109
LaTeX Font Info:    Redeclaring font encoding OML on input line 567.
LaTeX Font Info:    Redeclaring font encoding OMS on input line 568.
\macc@depth=\count100
\c@MaxMatrixCols=\count101
\dotsspace@=\muskip10
\c@parentequation=\count102
\dspbrk@lvl=\count103
\tag@help=\toks18
\row@=\count104
\column@=\count105
\maxfields@=\count106
\andhelp@=\toks19
\eqnshift@=\dimen110
\alignsep@=\dimen111
\tagshift@=\dimen112
\tagwidth@=\dimen113
\totwidth@=\dimen114
\lineht@=\dimen115
\@envbody=\toks20
\multlinegap=\skip44
\multlinetaggap=\skip45
\mathdisplay@stack=\toks21
LaTeX Info: Redefining \[ on input line 2666.
LaTeX Info: Redefining \] on input line 2667.
) (/opt/local/share/texmf-texlive-dist/tex/latex/amscls/amsthm.sty
Package: amsthm 2004/08/06 v2.20
\thm@style=\toks22
\thm@bodyfont=\toks23
\thm@headfont=\toks24
\thm@notefont=\toks25
\thm@headpunct=\toks26
\thm@preskip=\skip46
\thm@postskip=\skip47
\thm@headsep=\skip48
\dth@everypar=\toks27
) (/opt/local/share/texmf-texlive-dist/tex/latex/graphics/graphicx.sty
Package: graphicx 1999/02/16 v1.0f Enhanced LaTeX Graphics (DPC,SPQR)
(/opt/local/share/texmf-texlive-dist/tex/latex/graphics/graphics.sty
Package: graphics 2009/02/05 v1.0o Standard LaTeX Graphics (DPC,SPQR)
(/opt/local/share/texmf-texlive-dist/tex/latex/graphics/trig.sty
Package: trig 1999/03/16 v1.09 sin cos tan (DPC)
) (/opt/local/share/texmf-texlive-dist/tex/latex/latexconfig/graphics.cfg
File: graphics.cfg 2010/04/23 v1.9 graphics configuration of TeX Live
)
Package graphics Info: Driver file: pdftex.def on input line 91.
(/opt/local/share/texmf-texlive-dist/tex/latex/pdftex-def/pdftex.def
File: pdftex.def 2010/02/14 v0.04n Graphics/color for pdfTeX
\Gread@gobject=\count107
))
\Gin@req@height=\dimen116
\Gin@req@width=\dimen117
) (/opt/local/share/texmf-texlive-dist/tex/latex/float/float.sty
Package: float 2001/11/08 v1.3d Float enhancements (AL)
\c@float@type=\count108
\float@exts=\toks28
\float@box=\box30
\@float@everytoks=\toks29
\@floatcapt=\box31
) (./J_Stork_Jayke_Meijer_verslag.aux)
\openout1 = `J_Stork_Jayke_Meijer_verslag.aux'.

LaTeX Font Info:    Checking defaults for OML/cmm/m/it on input line 5.
LaTeX Font Info:    ... okay on input line 5.
LaTeX Font Info:    Checking defaults for T1/cmr/m/n on input line 5.
LaTeX Font Info:    ... okay on input line 5.
LaTeX Font Info:    Checking defaults for OT1/cmr/m/n on input line 5.
LaTeX Font Info:    ... okay on input line 5.
LaTeX Font Info:    Checking defaults for OMS/cmsy/m/n on input line 5.
LaTeX Font Info:    ... okay on input line 5.
LaTeX Font Info:    Checking defaults for OMX/cmex/m/n on input line 5.
LaTeX Font Info:    ... okay on input line 5.
LaTeX Font Info:    Checking defaults for U/cmr/m/n on input line 5.
LaTeX Font Info:    ... okay on input line 5.
\c@lstlisting=\count109
(/opt/local/share/texmf-texlive-dist/tex/context/base/supp-pdf.mkii
[Loading MPS to PDF converter (version 2006.09.02).]
\scratchcounter=\count110
\scratchdimen=\dimen118
\scratchbox=\box32
\nofMPsegments=\count111
\nofMParguments=\count112
\everyMPshowfont=\toks30
\MPscratchCnt=\count113
\MPscratchDim=\dimen119
\MPnumerator=\count114
\everyMPtoPDFconversion=\toks31
) (/opt/local/share/texmf-texlive-dist/tex/generic/oberdiek/pdftexcmds.sty
Package: pdftexcmds 2010/04/01 v0.9 Utility functions of pdfTeX for LuaTeX (HO)

(/opt/local/share/texmf-texlive-dist/tex/generic/oberdiek/infwarerr.sty
Package: infwarerr 2010/04/08 v1.3 Providing info/warning/message (HO)
) (/opt/local/share/texmf-texlive-dist/tex/generic/oberdiek/ifluatex.sty
Package: ifluatex 2010/03/01 v1.3 Provides the ifluatex switch (HO)
Package ifluatex Info: LuaTeX not detected.
) (/opt/local/share/texmf-texlive-dist/tex/generic/oberdiek/ltxcmds.sty
Package: ltxcmds 2010/04/26 v1.7 LaTeX kernel commands for general use (HO)
)
Package pdftexcmds Info: LuaTeX not detected.
Package pdftexcmds Info: \pdf@primitive is available.
Package pdftexcmds Info: \pdf@ifprimitive is available.
) (/opt/local/share/texmf-texlive-dist/tex/latex/oberdiek/epstopdf-base.sty
Package: epstopdf-base 2010/02/09 v2.5 Base part for package epstopdf
(/opt/local/share/texmf-texlive-dist/tex/latex/oberdiek/grfext.sty
Package: grfext 2007/09/30 v1.0 Managing graphics extensions (HO)
) (/opt/local/share/texmf-texlive-dist/tex/latex/oberdiek/kvoptions.sty
Package: kvoptions 2010/02/22 v3.7 Keyval support for LaTeX options (HO)
(/opt/local/share/texmf-texlive-dist/tex/generic/oberdiek/kvsetkeys.sty
Package: kvsetkeys 2010/03/01 v1.9 Key value parser (HO)
(/opt/local/share/texmf-texlive-dist/tex/generic/oberdiek/etexcmds.sty
Package: etexcmds 2010/01/28 v1.3 Prefix for e-TeX command names (HO)
Package etexcmds Info: Could not find \expanded.
(etexcmds)             That can mean that you are not using pdfTeX 1.50 or
(etexcmds)             that some package has redefined \expanded.
(etexcmds)             In the latter case, load this package earlier.
)))
Package grfext Info: Graphics extension search list:
(grfext)             [.png,.pdf,.jpg,.mps,.jpeg,.jbig2,.jb2,.PNG,.PDF,.JPG,.JPE
G,.JBIG2,.JB2,.eps]
(grfext)             \AppendGraphicsExtensions on input line 436.
(/opt/local/share/texmf-texlive-dist/tex/latex/latexconfig/epstopdf-sys.cfg
File: epstopdf-sys.cfg 2010/07/13 v1.3 Configuration of (r)epstopdf for TeX Liv
e
))
LaTeX Font Info:    Try loading font information for U+msa on input line 6.
(/opt/local/share/texmf-texlive-dist/tex/latex/amsfonts/umsa.fd
File: umsa.fd 2009/06/22 v3.00 AMS symbols A
)
LaTeX Font Info:    Try loading font information for U+msb on input line 6.
(/opt/local/share/texmf-texlive-dist/tex/latex/amsfonts/umsb.fd
File: umsb.fd 2009/06/22 v3.00 AMS symbols B
) [1

{/opt/local/var/db/texmf/fonts/map/pdftex/updmap/pdftex.map}] <input20hz.png, i
d=8, 580.1675pt x 270.00874pt>
File: input20hz.png Graphic file (type png)
<use input20hz.png>
Overfull \hbox (16.11447pt too wide) in paragraph at lines 26--27
[][] 
 []

<FFT20hz.png, id=9, 271.0125pt x 258.9675pt>
File: FFT20hz.png Graphic file (type png)
<use FFT20hz.png> <input30hz.png, id=10, 581.17125pt x 271.0125pt>
File: input30hz.png Graphic file (type png)
<use input30hz.png>
Overfull \hbox (16.8171pt too wide) in paragraph at lines 34--35
[][] 
 []

[1 <./input20hz.png (PNG copy)>] <FFT30hz.png, id=19, 266.9975pt x 257.96375pt>
File: FFT30hz.png Graphic file (type png)
<use FFT30hz.png> [2 <./FFT20hz.png (PNG copy)> <./input30hz.png (PNG copy)>] <
2input20hz.png, id=23, 580.1675pt x 270.00874pt>
File: 2input20hz.png Graphic file (type png)
<use 2input20hz.png>
Overfull \hbox (16.11447pt too wide) in paragraph at lines 54--55
[][] 
 []

<2FFT20hz.png, id=24, 271.0125pt x 259.97125pt>
File: 2FFT20hz.png Graphic file (type png)
<use 2FFT20hz.png> [3 <./FFT30hz.png (PNG copy)>] <2input30hz.png, id=28, 581.1
7125pt x 270.00874pt>
File: 2input30hz.png Graphic file (type png)
<use 2input30hz.png>
Overfull \hbox (16.8171pt too wide) in paragraph at lines 62--63
[][] 
 []

<2FFT30hz.png, id=29, 271.0125pt x 256.96pt>
File: 2FFT30hz.png Graphic file (type png)
<use 2FFT30hz.png> [4 <./2input20hz.png (PNG copy)> <./2FFT20hz.png (PNG copy)>
] <3input.png, id=33, 579.16376pt x 268.00125pt>
File: 3input.png Graphic file (type png)
<use 3input.png>
Overfull \hbox (15.41187pt too wide) in paragraph at lines 79--80
[][] 
 []

<3FFTinput.png, id=34, 270.00874pt x 268.00125pt>
File: 3FFTinput.png Graphic file (type png)
<use 3FFTinput.png> [5 <./2input30hz.png (PNG copy)> <./2FFT30hz.png (PNG copy)
>] [6 <./3input.png (PNG copy)> <./3FFTinput.png (PNG copy)>] <3FFToutput.png, 
id=43, 270.00874pt x 268.00125pt>
File: 3FFToutput.png Graphic file (type png)
<use 3FFToutput.png> <4input.png, id=44, 581.17125pt x 269.005pt>
File: 4input.png Graphic file (type png)
<use 4input.png>
Overfull \hbox (16.8171pt too wide) in paragraph at lines 107--108
[][] 
 []

[7 <./3FFToutput.png (PNG copy)>] <4FFTinput.png, id=48, 268.00125pt x 264.99pt
>
File: 4FFTinput.png Graphic file (type png)
<use 4FFTinput.png> [8 <./4input.png (PNG copy)> <./4FFTinput.png (PNG copy)>] 
<4FFToutput.png, id=52, 271.0125pt x 264.99pt>
File: 4FFToutput.png Graphic file (type png)
<use 4FFToutput.png> [9 <./4FFToutput.png (PNG copy)>] [10] (./J_Stork_Jayke_Me
ijer_verslag.aux) ) 
Here is how much of TeX's memory you used:
 3565 strings out of 494770
 48891 string characters out of 3171404
 109841 words of memory out of 3000000
 6735 multiletter control sequences out of 15000+200000
 12403 words of font info for 48 fonts, out of 3000000 for 9000
 134 hyphenation exceptions out of 8191
 37i,9n,32p,272b,219s stack positions out of 5000i,500n,10000p,200000b,50000s
</opt/local/share/texmf-texlive-dist/fonts/type1/public/amsf
onts/cm/cmbx12.pfb></opt/local/share/texmf-texlive-dist/fonts/type1/public/amsf
onts/cm/cmmi12.pfb></opt/local/share/texmf-texlive-dist/fonts/type1/public/amsf
onts/cm/cmmi6.pfb></opt/local/share/texmf-texlive-dist/fonts/type1/public/amsfo
nts/cm/cmmi8.pfb></opt/local/share/texmf-texlive-dist/fonts/type1/public/amsfon
ts/cm/cmr12.pfb></opt/local/share/texmf-texlive-dist/fonts/type1/public/amsfont
s/cm/cmr17.pfb></opt/local/share/texmf-texlive-dist/fonts/type1/public/amsfonts
/cm/cmr6.pfb></opt/local/share/texmf-texlive-dist/fonts/type1/public/amsfonts/c
m/cmr8.pfb></opt/local/share/texmf-texlive-dist/fonts/type1/public/amsfonts/cm/
cmsy10.pfb></opt/local/share/texmf-texlive-dist/fonts/type1/public/amsfonts/cm/
cmsy6.pfb></opt/local/share/texmf-texlive-dist/fonts/type1/public/amsfonts/cm/c
msy8.pfb>
Output written on J_Stork_Jayke_Meijer_verslag.pdf (11 pages, 196520 bytes).
PDF statistics:
 98 PDF objects out of 1000 (max. 8388607)
 59 compressed objects within 1 object stream
 0 named destinations out of 1000 (max. 500000)
 71 words of extra memory for PDF output out of 10000 (max. 10000000)

